生成启动时间为 2019/11/29 18:25:36。
     1>项目“E:\c 11-29\1\1\1.vcxproj”在节点 2 上(Build 个目标)。
     1>ClCompile:
         D:\vs2013\VC\bin\CL.exe /c /ZI /nologo /W3 /WX- /sdl /Od /Oy- /D _MBCS /Gm /EHsc /RTC1 /MDd /GS /fp:precise /Zc:wchar_t /Zc:forScope /Fo"Debug\\" /Fd"Debug\vc120.pdb" /Gd /TC /analyze- /errorReport:prompt 1.c
         1.c
     1>e:\c 11-29\1\1\1.c(3): error C2061: 语法错误: 标识符“n”
     1>e:\c 11-29\1\1\1.c(3): error C2059: 语法错误:“;”
     1>e:\c 11-29\1\1\1.c(3): error C2059: 语法错误:“)”
     1>e:\c 11-29\1\1\1.c(3): error C2449: 在文件范围内找到“{”(是否缺少函数头?)
     1>e:\c 11-29\1\1\1.c(10): error C2059: 语法错误:“}”
     1>已完成生成项目“E:\c 11-29\1\1\1.vcxproj”(Build 个目标)的操作 - 失败。

生成失败。

已用时间 00:00:00.16
